# JRE version: Java(TM) SE Runtime Environment (8.0_171-b11) (build 1.8.0_171-b11)
# Java VM: Java HotSpot(TM) Client VM (25.171-b11 mixed mode linux-x86 )
Heap:
 def new generation   total 13248K, used 13201K [0xa5600000, 0xa6450000, 0xaa950000)
  eden space 11840K,  99% used [0xa5600000, 0xa6184500, 0xa6190000)
  from space 1408K, 100% used [0xa62f0000, 0xa6450000, 0xa6450000)
  to   space 1408K,   0% used [0xa6190000, 0xa6190000, 0xa62f0000)
 tenured generation   total 29196K, used 18619K [0xaa950000, 0xac5d3000, 0xb5000000)
   the space 29196K,  63% used [0xaa950000, 0xabb7ef30, 0xabb7f000, 0xac5d3000)
 Metaspace       used 23033K, capacity 23780K, committed 23808K, reserved 24880K
GC Heap History (10 events):
Event: 10.369 GC heap before
{Heap before GC invocations=65 (full 2):
 def new generation   total 8064K, used 8004K [0xa5600000, 0xa5eb0000, 0xaa950000)
  eden space 7232K, 100% used [0xa5600000, 0xa5d10000, 0xa5d10000)
  from space 832K,  92% used [0xa5de0000, 0xa5ea11b8, 0xa5eb0000)
  to   space 832K,   0% used [0xa5d10000, 0xa5d10000, 0xa5de0000)
 tenured generation   total 17768K, used 17082K [0xaa950000, 0xabaaa000, 0xb5000000)
   the space 17768K,  96% used [0xaa950000, 0xab9fea10, 0xab9fec00, 0xabaaa000)
 Metaspace       used 21125K, capacity 21842K, committed 21888K, reserved 22832K
Event: 10.373 GC heap after
Heap after GC invocations=66 (full 2):
 def new generation   total 8064K, used 823K [0xa5600000, 0xa5eb0000, 0xaa950000)
  eden space 7232K,   0% used [0xa5600000, 0xa5600000, 0xa5d10000)
  from space 832K,  98% used [0xa5d10000, 0xa5dddd58, 0xa5de0000)
  to   space 832K,   0% used [0xa5de0000, 0xa5de0000, 0xa5eb0000)
 tenured generation   total 17768K, used 17170K [0xaa950000, 0xabaaa000, 0xb5000000)
   the space 17768K,  96% used [0xaa950000, 0xaba14880, 0xaba14a00, 0xabaaa000)
 Metaspace       used 21125K, capacity 21842K, committed 21888K, reserved 22832K
}
Event: 10.514 GC heap before
{Heap before GC invocations=66 (full 2):
 def new generation   total 8064K, used 8055K [0xa5600000, 0xa5eb0000, 0xaa950000)
  eden space 7232K, 100% used [0xa5600000, 0xa5d10000, 0xa5d10000)
  from space 832K,  98% used [0xa5d10000, 0xa5dddd58, 0xa5de0000)
  to   space 832K,   0% used [0xa5de0000, 0xa5de0000, 0xa5eb0000)
 tenured generation   total 17768K, used 17170K [0xaa950000, 0xabaaa000, 0xb5000000)
   the space 17768K,  96% used [0xaa950000, 0xaba14880, 0xaba14a00, 0xabaaa000)
 Metaspace       used 21201K, capacity 21921K, committed 22016K, reserved 22832K
Event: 10.518 GC heap after
Heap after GC invocations=67 (full 2):
 def new generation   total 8064K, used 439K [0xa5600000, 0xa5eb0000, 0xaa950000)
  eden space 7232K,   0% used [0xa5600000, 0xa5600000, 0xa5d10000)
  from space 832K,  52% used [0xa5de0000, 0xa5e4dca8, 0xa5eb0000)
  to   space 832K,   0% used [0xa5d10000, 0xa5d10000, 0xa5de0000)
 tenured generation   total 17768K, used 17302K [0xaa950000, 0xabaaa000, 0xb5000000)
   the space 17768K,  97% used [0xaa950000, 0xaba35af0, 0xaba35c00, 0xabaaa000)
 Metaspace       used 21201K, capacity 21921K, committed 22016K, reserved 22832K
}
Event: 10.902 GC heap before
{Heap before GC invocations=67 (full 2):
 def new generation   total 8064K, used 7671K [0xa5600000, 0xa5eb0000, 0xaa950000)
  eden space 7232K, 100% used [0xa5600000, 0xa5d10000, 0xa5d10000)
  from space 832K,  52% used [0xa5de0000, 0xa5e4dca8, 0xa5eb0000)
  to   space 832K,   0% used [0xa5d10000, 0xa5d10000, 0xa5de0000)
 tenured generation   total 17768K, used 17302K [0xaa950000, 0xabaaa000, 0xb5000000)
   the space 17768K,  97% used [0xaa950000, 0xaba35af0, 0xaba35c00, 0xabaaa000)
 Metaspace       used 21783K, capacity 22502K, committed 22528K, reserved 22832K
Event: 10.919 GC heap after
Heap after GC invocations=68 (full 2):
 def new generation   total 8064K, used 831K [0xa5600000, 0xa5eb0000, 0xaa950000)
  eden space 7232K,   0% used [0xa5600000, 0xa5600000, 0xa5d10000)
  from space 832K,  99% used [0xa5d10000, 0xa5ddfdc0, 0xa5de0000)
  to   space 832K,   0% used [0xa5de0000, 0xa5de0000, 0xa5eb0000)
 tenured generation   total 17768K, used 17697K [0xaa950000, 0xabaaa000, 0xb5000000)
   the space 17768K,  99% used [0xaa950000, 0xaba985c0, 0xaba98600, 0xabaaa000)
 Metaspace       used 21783K, capacity 22502K, committed 22528K, reserved 22832K
}
Event: 11.246 GC heap before
{Heap before GC invocations=68 (full 2):
 def new generation   total 8064K, used 8063K [0xa5600000, 0xa5eb0000, 0xaa950000)
  eden space 7232K, 100% used [0xa5600000, 0xa5d10000, 0xa5d10000)
  from space 832K,  99% used [0xa5d10000, 0xa5ddfdc0, 0xa5de0000)
  to   space 832K,   0% used [0xa5de0000, 0xa5de0000, 0xa5eb0000)
 tenured generation   total 17768K, used 17697K [0xaa950000, 0xabaaa000, 0xb5000000)
   the space 17768K,  99% used [0xaa950000, 0xaba985c0, 0xaba98600, 0xabaaa000)
 Metaspace       used 22286K, capacity 23046K, committed 23168K, reserved 23856K
Event: 11.317 GC heap after
Heap after GC invocations=69 (full 3):
 def new generation   total 13248K, used 0K [0xa5600000, 0xa6450000, 0xaa950000)
  eden space 11840K,   0% used [0xa5600000, 0xa5600000, 0xa6190000)
  from space 1408K,   0% used [0xa6190000, 0xa6190000, 0xa62f0000)
  to   space 1408K,   0% used [0xa62f0000, 0xa62f0000, 0xa6450000)
 tenured generation   total 29196K, used 17516K [0xaa950000, 0xac5d3000, 0xb5000000)
   the space 29196K,  59% used [0xaa950000, 0xaba6b0d0, 0xaba6b200, 0xac5d3000)
 Metaspace       used 22270K, capacity 23019K, committed 23168K, reserved 23856K
}
Event: 11.725 GC heap before
{Heap before GC invocations=69 (full 3):
 def new generation   total 13248K, used 11840K [0xa5600000, 0xa6450000, 0xaa950000)
  eden space 11840K, 100% used [0xa5600000, 0xa6190000, 0xa6190000)
  from space 1408K,   0% used [0xa6190000, 0xa6190000, 0xa62f0000)
  to   space 1408K,   0% used [0xa62f0000, 0xa62f0000, 0xa6450000)
 tenured generation   total 29196K, used 17516K [0xaa950000, 0xac5d3000, 0xb5000000)
   the space 29196K,  59% used [0xaa950000, 0xaba6b0d0, 0xaba6b200, 0xac5d3000)
 Metaspace       used 22723K, capacity 23469K, committed 23552K, reserved 23856K
Event: 11.732 GC heap after
Heap after GC invocations=70 (full 3):
 def new generation   total 13248K, used 1408K [0xa5600000, 0xa6450000, 0xaa950000)
  eden space 11840K,   0% used [0xa5600000, 0xa5600000, 0xa6190000)
  from space 1408K, 100% used [0xa62f0000, 0xa6450000, 0xa6450000)
  to   space 1408K,   0% used [0xa6190000, 0xa6190000, 0xa62f0000)
 tenured generation   total 29196K, used 18619K [0xaa950000, 0xac5d3000, 0xb5000000)
   the space 29196K,  63% used [0xaa950000, 0xabb7ef30, 0xabb7f000, 0xac5d3000)
 Metaspace       used 22723K, capacity 23469K, committed 23552K, reserved 23856K
}

